Sender: LSF System <lsfadmin@polus-c2-ib.bmc.hpc.cs.msu.ru>
Subject: Job 816268: <#BSUB -n 1;#BSUB -W 00:15;#BSUB -o "./result/my_job.%J.out";#BSUB -e "./result/my_job.%J.err";#BSUB -R "span[hosts=1]";OMP_NUM_THREADS=2 ./parallel 200 2;OMP_NUM_THREADS=2 ./parallel 400 2;OMP_NUM_THREADS=2 ./parallel 600 2;OMP_NUM_THREADS=2 ./parallel 800 2;OMP_NUM_THREADS=2 ./parallel 1000 2;OMP_NUM_THREADS=2 ./parallel 1200 2;OMP_NUM_THREADS=2 ./parallel 1400 2;OMP_NUM_THREADS=4 ./parallel 200 4;OMP_NUM_THREADS=4 ./parallel 400 4;OMP_NUM_THREADS=4 ./parallel 600 4;OMP_NUM_THREADS=4 ./parallel 800 4;OMP_NUM_THREADS=4 ./parallel 1000 4;OMP_NUM_THREADS=4 ./parallel 1200 4;OMP_NUM_THREADS=4 ./parallel 1400 4;OMP_NUM_THREADS=6 ./parallel 200 6;OMP_NUM_THREADS=6 ./parallel 400 6;OMP_NUM_THREADS=6 ./parallel 600 6;OMP_NUM_THREADS=6 ./parallel 800 6;OMP_NUM_THREADS=6 ./parallel 1000 6;OMP_NUM_THREADS=6 ./parallel 1200 6;OMP_NUM_THREADS=6 ./parallel 1400 6;OMP_NUM_THREADS=8 ./parallel 200 8;OMP_NUM_THREADS=8 ./parallel 400 8;OMP_NUM_THREADS=8 ./parallel 600 8;OMP_NUM_THREADS=8 ./parallel 800 8;OMP_NUM_THREADS=8 ./parallel 1000 8;OMP_NUM_THREADS=8 ./parallel 1200 8;OMP_NUM_THREADS=8 ./parallel 1400 8;OMP_NUM_THREADS=10 ./parallel 200 10;OMP_NUM_THREADS=10 ./parallel 400 10;OMP_NUM_THREADS=10 ./parallel 600 10;OMP_NUM_THREADS=10 ./parallel 800 10;OMP_NUM_THREADS=10 ./parallel 1000 10;OMP_NUM_THREADS=10 ./parallel 1200 10;OMP_NUM_THREADS=10 ./parallel 1400 10;OMP_NUM_THREADS=12 ./parallel 200 12;OMP_NUM_THREADS=12 ./parallel 400 12;OMP_NUM_THREADS=12 ./parallel 600 12;OMP_NUM_THREADS=12 ./parallel 800 12;OMP_NUM_THREADS=12 ./parallel 1000 12;OMP_NUM_THREADS=12 ./parallel 1200 12;OMP_NUM_THREADS=12 ./parallel 1400 12;OMP_NUM_THREADS=14 ./parallel 200 14;OMP_NUM_THREADS=14 ./parallel 400 14;OMP_NUM_THREADS=14 ./parallel 600 14;OMP_NUM_THREADS=14 ./parallel 800 14;OMP_NUM_THREADS=14 ./parallel 1000 14;OMP_NUM_THREADS=14 ./parallel 1200 14;OMP_NUM_THREADS=14 ./parallel 1400 14;OMP_NUM_THREADS=16 ./parallel 200 16;OMP_NUM_THREADS=16 ./parallel 400 16;OMP_NUM_THREADS=16 ./parallel 600 16;OMP_NUM_THREADS=16 ./parallel 800 16;OMP_NUM_THREADS=16 ./parallel 1000 16;OMP_NUM_THREADS=16 ./parallel 1200 16;OMP_NUM_THREADS=16 ./parallel 1400 16;OMP_NUM_THREADS=18 ./parallel 200 18;OMP_NUM_THREADS=18 ./parallel 400 18;OMP_NUM_THREADS=18 ./parallel 600 18;OMP_NUM_THREADS=18 ./parallel 800 18;OMP_NUM_THREADS=18 ./parallel 1000 18;OMP_NUM_THREADS=18 ./parallel 1200 18;OMP_NUM_THREADS=18 ./parallel 1400 18;OMP_NUM_THREADS=20 ./parallel 200 20;OMP_NUM_THREADS=20 ./parallel 400 20;OMP_NUM_THREADS=20 ./parallel 600 20;OMP_NUM_THREADS=20 ./parallel 800 20;OMP_NUM_THREADS=20 ./parallel 1000 20;OMP_NUM_THREADS=20 ./parallel 1200 20;OMP_NUM_THREADS=20 ./parallel 1400 20;OMP_NUM_THREADS=22 ./parallel 200 22;OMP_NUM_THREADS=22 ./parallel 400 22;OMP_NUM_THREADS=22 ./parallel 600 22;OMP_NUM_THREADS=22 ./parallel 800 22;OMP_NUM_THREADS=22 ./parallel 1000 22;OMP_NUM_THREADS=22 ./parallel 1200 22;OMP_NUM_THREADS=22 ./parallel 1400 22;OMP_NUM_THREADS=24 ./parallel 200 24;OMP_NUM_THREADS=24 ./parallel 400 24;OMP_NUM_THREADS=24 ./parallel 600 24;OMP_NUM_THREADS=24 ./parallel 800 24;OMP_NUM_THREADS=24 ./parallel 1000 24;OMP_NUM_THREADS=24 ./parallel 1200 24;OMP_NUM_THREADS=24 ./parallel 1400 24;OMP_NUM_THREADS=26 ./parallel 200 26;OMP_NUM_THREADS=26 ./parallel 400 26;OMP_NUM_THREADS=26 ./parallel 600 26;OMP_NUM_THREADS=26 ./parallel 800 26;OMP_NUM_THREADS=26 ./parallel 1000 26;OMP_NUM_THREADS=26 ./parallel 1200 26;OMP_NUM_THREADS=26 ./parallel 1400 26;OMP_NUM_THREADS=28 ./parallel 200 28;OMP_NUM_THREADS=28 ./parallel 400 28;OMP_NUM_THREADS=28 ./parallel 600 28;OMP_NUM_THREADS=28 ./parallel 800 28;OMP_NUM_THREADS=28 ./parallel 1000 28;OMP_NUM_THREADS=28 ./parallel 1200 28;OMP_NUM_THREADS=28 ./parallel 1400 28;OMP_NUM_THREADS=30 ./parallel 200 30;OMP_NUM_THREADS=30 ./parallel 400 30;OMP_NUM_THREADS=30 ./parallel 600 30;OMP_NUM_THREADS=30 ./parallel 800 30;OMP_NUM_THREADS=30 ./parallel 1000 30;OMP_NUM_THREADS=30 ./parallel 1200 30;OMP_NUM_THREADS=30 ./parallel 1400 30;OMP_NUM_THREADS=32 ./parallel 200 32;OMP_NUM_THREADS=32 ./parallel 400 32;OMP_N> in cluster <MSUCluster> Done

Job <#BSUB -n 1;#BSUB -W 00:15;#BSUB -o "./result/my_job.%J.out";#BSUB -e "./result/my_job.%J.err";#BSUB -R "span[hosts=1]";OMP_NUM_THREADS=2 ./parallel 200 2;OMP_NUM_THREADS=2 ./parallel 400 2;OMP_NUM_THREADS=2 ./parallel 600 2;OMP_NUM_THREADS=2 ./parallel 800 2;OMP_NUM_THREADS=2 ./parallel 1000 2;OMP_NUM_THREADS=2 ./parallel 1200 2;OMP_NUM_THREADS=2 ./parallel 1400 2;OMP_NUM_THREADS=4 ./parallel 200 4;OMP_NUM_THREADS=4 ./parallel 400 4;OMP_NUM_THREADS=4 ./parallel 600 4;OMP_NUM_THREADS=4 ./parallel 800 4;OMP_NUM_THREADS=4 ./parallel 1000 4;OMP_NUM_THREADS=4 ./parallel 1200 4;OMP_NUM_THREADS=4 ./parallel 1400 4;OMP_NUM_THREADS=6 ./parallel 200 6;OMP_NUM_THREADS=6 ./parallel 400 6;OMP_NUM_THREADS=6 ./parallel 600 6;OMP_NUM_THREADS=6 ./parallel 800 6;OMP_NUM_THREADS=6 ./parallel 1000 6;OMP_NUM_THREADS=6 ./parallel 1200 6;OMP_NUM_THREADS=6 ./parallel 1400 6;OMP_NUM_THREADS=8 ./parallel 200 8;OMP_NUM_THREADS=8 ./parallel 400 8;OMP_NUM_THREADS=8 ./parallel 600 8;OMP_NUM_THREADS=8 ./parallel 800 8;OMP_NUM_THREADS=8 ./parallel 1000 8;OMP_NUM_THREADS=8 ./parallel 1200 8;OMP_NUM_THREADS=8 ./parallel 1400 8;OMP_NUM_THREADS=10 ./parallel 200 10;OMP_NUM_THREADS=10 ./parallel 400 10;OMP_NUM_THREADS=10 ./parallel 600 10;OMP_NUM_THREADS=10 ./parallel 800 10;OMP_NUM_THREADS=10 ./parallel 1000 10;OMP_NUM_THREADS=10 ./parallel 1200 10;OMP_NUM_THREADS=10 ./parallel 1400 10;OMP_NUM_THREADS=12 ./parallel 200 12;OMP_NUM_THREADS=12 ./parallel 400 12;OMP_NUM_THREADS=12 ./parallel 600 12;OMP_NUM_THREADS=12 ./parallel 800 12;OMP_NUM_THREADS=12 ./parallel 1000 12;OMP_NUM_THREADS=12 ./parallel 1200 12;OMP_NUM_THREADS=12 ./parallel 1400 12;OMP_NUM_THREADS=14 ./parallel 200 14;OMP_NUM_THREADS=14 ./parallel 400 14;OMP_NUM_THREADS=14 ./parallel 600 14;OMP_NUM_THREADS=14 ./parallel 800 14;OMP_NUM_THREADS=14 ./parallel 1000 14;OMP_NUM_THREADS=14 ./parallel 1200 14;OMP_NUM_THREADS=14 ./parallel 1400 14;OMP_NUM_THREADS=16 ./parallel 200 16;OMP_NUM_THREADS=16 ./parallel 400 16;OMP_NUM_THREADS=16 ./parallel 600 16;OMP_NUM_THREADS=16 ./parallel 800 16;OMP_NUM_THREADS=16 ./parallel 1000 16;OMP_NUM_THREADS=16 ./parallel 1200 16;OMP_NUM_THREADS=16 ./parallel 1400 16;OMP_NUM_THREADS=18 ./parallel 200 18;OMP_NUM_THREADS=18 ./parallel 400 18;OMP_NUM_THREADS=18 ./parallel 600 18;OMP_NUM_THREADS=18 ./parallel 800 18;OMP_NUM_THREADS=18 ./parallel 1000 18;OMP_NUM_THREADS=18 ./parallel 1200 18;OMP_NUM_THREADS=18 ./parallel 1400 18;OMP_NUM_THREADS=20 ./parallel 200 20;OMP_NUM_THREADS=20 ./parallel 400 20;OMP_NUM_THREADS=20 ./parallel 600 20;OMP_NUM_THREADS=20 ./parallel 800 20;OMP_NUM_THREADS=20 ./parallel 1000 20;OMP_NUM_THREADS=20 ./parallel 1200 20;OMP_NUM_THREADS=20 ./parallel 1400 20;OMP_NUM_THREADS=22 ./parallel 200 22;OMP_NUM_THREADS=22 ./parallel 400 22;OMP_NUM_THREADS=22 ./parallel 600 22;OMP_NUM_THREADS=22 ./parallel 800 22;OMP_NUM_THREADS=22 ./parallel 1000 22;OMP_NUM_THREADS=22 ./parallel 1200 22;OMP_NUM_THREADS=22 ./parallel 1400 22;OMP_NUM_THREADS=24 ./parallel 200 24;OMP_NUM_THREADS=24 ./parallel 400 24;OMP_NUM_THREADS=24 ./parallel 600 24;OMP_NUM_THREADS=24 ./parallel 800 24;OMP_NUM_THREADS=24 ./parallel 1000 24;OMP_NUM_THREADS=24 ./parallel 1200 24;OMP_NUM_THREADS=24 ./parallel 1400 24;OMP_NUM_THREADS=26 ./parallel 200 26;OMP_NUM_THREADS=26 ./parallel 400 26;OMP_NUM_THREADS=26 ./parallel 600 26;OMP_NUM_THREADS=26 ./parallel 800 26;OMP_NUM_THREADS=26 ./parallel 1000 26;OMP_NUM_THREADS=26 ./parallel 1200 26;OMP_NUM_THREADS=26 ./parallel 1400 26;OMP_NUM_THREADS=28 ./parallel 200 28;OMP_NUM_THREADS=28 ./parallel 400 28;OMP_NUM_THREADS=28 ./parallel 600 28;OMP_NUM_THREADS=28 ./parallel 800 28;OMP_NUM_THREADS=28 ./parallel 1000 28;OMP_NUM_THREADS=28 ./parallel 1200 28;OMP_NUM_THREADS=28 ./parallel 1400 28;OMP_NUM_THREADS=30 ./parallel 200 30;OMP_NUM_THREADS=30 ./parallel 400 30;OMP_NUM_THREADS=30 ./parallel 600 30;OMP_NUM_THREADS=30 ./parallel 800 30;OMP_NUM_THREADS=30 ./parallel 1000 30;OMP_NUM_THREADS=30 ./parallel 1200 30;OMP_NUM_THREADS=30 ./parallel 1400 30;OMP_NUM_THREADS=32 ./parallel 200 32;OMP_NUM_THREADS=32 ./parallel 400 32;OMP_N> was submitted from host <polus-ib.bmc.hpc.cs.msu.ru> by user <edu-cmc-skpod21-320-20> in cluster <MSUCluster> at Sat Nov 13 12:46:52 2021
Job was executed on host(s) <polus-c2-ib.bmc.hpc.cs.msu.ru>, in queue <short>, as user <edu-cmc-skpod21-320-20> in cluster <MSUCluster> at Sat Nov 13 12:46:52 2021
</home_edu/edu-cmc-skpod21-320/edu-cmc-skpod21-320-20> was used as the home directory.
</home_edu/edu-cmc-skpod21-320/edu-cmc-skpod21-320-20> was used as the working directory.
Started at Sat Nov 13 12:46:52 2021
Terminated at Sat Nov 13 12:49:23 2021
Results reported at Sat Nov 13 12:49:23 2021

Your job looked like:

------------------------------------------------------------
# LSBATCH: User input
#BSUB -n 1
#BSUB -W 00:15
#BSUB -o "./result/my_job.%J.out"
#BSUB -e "./result/my_job.%J.err"
#BSUB -R "span[hosts=1]"
OMP_NUM_THREADS=2 ./parallel 200 2
OMP_NUM_THREADS=2 ./parallel 400 2
OMP_NUM_THREADS=2 ./parallel 600 2
OMP_NUM_THREADS=2 ./parallel 800 2
OMP_NUM_THREADS=2 ./parallel 1000 2
OMP_NUM_THREADS=2 ./parallel 1200 2
OMP_NUM_THREADS=2 ./parallel 1400 2
OMP_NUM_THREADS=4 ./parallel 200 4
OMP_NUM_THREADS=4 ./parallel 400 4
OMP_NUM_THREADS=4 ./parallel 600 4
OMP_NUM_THREADS=4 ./parallel 800 4
OMP_NUM_THREADS=4 ./parallel 1000 4
OMP_NUM_THREADS=4 ./parallel 1200 4
OMP_NUM_THREADS=4 ./parallel 1400 4
OMP_NUM_THREADS=6 ./parallel 200 6
OMP_NUM_THREADS=6 ./parallel 400 6
OMP_NUM_THREADS=6 ./parallel 600 6
OMP_NUM_THREADS=6 ./parallel 800 6
OMP_NUM_THREADS=6 ./parallel 1000 6
OMP_NUM_THREADS=6 ./parallel 1200 6
OMP_NUM_THREADS=6 ./parallel 1400 6
OMP_NUM_THREADS=8 ./parallel 200 8
OMP_NUM_THREADS=8 ./parallel 400 8
OMP_NUM_THREADS=8 ./parallel 600 8
OMP_NUM_THREADS=8 ./parallel 800 8
OMP_NUM_THREADS=8 ./parallel 1000 8
OMP_NUM_THREADS=8 ./parallel 1200 8
OMP_NUM_THREADS=8 ./parallel 1400 8
OMP_NUM_THREADS=10 ./parallel 200 10
OMP_NUM_THREADS=10 ./parallel 400 10
OMP_NUM_THREADS=10 ./parallel 600 10
OMP_NUM_THREADS=10 ./parallel 800 10
OMP_NUM_THREADS=10 ./parallel 1000 10
OMP_NUM_THREADS=10 ./parallel 1200 10
OMP_NUM_THREADS=10 ./parallel 1400 10
OMP_NUM_THREADS=12 ./parallel 200 12
OMP_NUM_THREADS=12 ./parallel 400 12
OMP_NUM_THREADS=12 ./parallel 600 12
OMP_NUM_THREADS=12 ./parallel 800 12
OMP_NUM_THREADS=12 ./parallel 1000 12
OMP_NUM_THREADS=12 ./parallel 1200 12
OMP_NUM_THREADS=12 ./parallel 1400 12
OMP_NUM_THREADS=14 ./parallel 200 14
OMP_NUM_THREADS=14 ./parallel 400 14
OMP_NUM_THREADS=14 ./parallel 600 14

(... more ...)
------------------------------------------------------------

Successfully completed.

Resource usage summary:

    CPU time :                                   6892.90 sec.
    Max Memory :                                 31 MB
    Average Memory :                             20.74 MB
    Total Requested Memory :                     -
    Delta Memory :                               -
    Max Swap :                                   -
    Max Processes :                              4
    Max Threads :                                162
    Run time :                                   156 sec.
    Turnaround time :                            151 sec.

The output (if any) follows:

GAUSS 200x200
----------------------------------
Time in seconds=0.00479499s
Threads num is 2
Rank is 199
GAUSS 400x400
----------------------------------
Time in seconds=0.0357699s
Threads num is 2
Rank is 399
GAUSS 600x600
----------------------------------
Time in seconds=0.119775s
Threads num is 2
Rank is 599
GAUSS 800x800
----------------------------------
Time in seconds=0.282172s
Threads num is 2
Rank is 799
GAUSS 1000x1000
----------------------------------
Time in seconds=0.548988s
Threads num is 2
Rank is 999
GAUSS 1200x1200
----------------------------------
Time in seconds=0.947242s
Threads num is 2
Rank is 1199
GAUSS 1400x1400
----------------------------------
Time in seconds=1.51579s
Threads num is 2
Rank is 1399
GAUSS 200x200
----------------------------------
Time in seconds=0.00275822s
Threads num is 4
Rank is 199
GAUSS 400x400
----------------------------------
Time in seconds=0.0185375s
Threads num is 4
Rank is 399
GAUSS 600x600
----------------------------------
Time in seconds=0.111937s
Threads num is 4
Rank is 599
GAUSS 800x800
----------------------------------
Time in seconds=0.209074s
Threads num is 4
Rank is 799
GAUSS 1000x1000
----------------------------------
Time in seconds=0.315799s
Threads num is 4
Rank is 999
GAUSS 1200x1200
----------------------------------
Time in seconds=0.52056s
Threads num is 4
Rank is 1199
GAUSS 1400x1400
----------------------------------
Time in seconds=0.795094s
Threads num is 4
Rank is 1399
GAUSS 200x200
----------------------------------
Time in seconds=0.00326824s
Threads num is 6
Rank is 199
GAUSS 400x400
----------------------------------
Time in seconds=0.0224817s
Threads num is 6
Rank is 399
GAUSS 600x600
----------------------------------
Time in seconds=0.0733539s
Threads num is 6
Rank is 599
GAUSS 800x800
----------------------------------
Time in seconds=0.172014s
Threads num is 6
Rank is 799
GAUSS 1000x1000
----------------------------------
Time in seconds=0.332917s
Threads num is 6
Rank is 999
GAUSS 1200x1200
----------------------------------
Time in seconds=0.623769s
Threads num is 6
Rank is 1199
GAUSS 1400x1400
----------------------------------
Time in seconds=0.925579s
Threads num is 6
Rank is 1399
GAUSS 200x200
----------------------------------
Time in seconds=0.00460224s
Threads num is 8
Rank is 199
GAUSS 400x400
----------------------------------
Time in seconds=0.0187657s
Threads num is 8
Rank is 399
GAUSS 600x600
----------------------------------
Time in seconds=0.111138s
Threads num is 8
Rank is 599
GAUSS 800x800
----------------------------------
Time in seconds=0.259399s
Threads num is 8
Rank is 799
GAUSS 1000x1000
----------------------------------
Time in seconds=0.504547s
Threads num is 8
Rank is 999
GAUSS 1200x1200
----------------------------------
Time in seconds=0.552927s
Threads num is 8
Rank is 1199
GAUSS 1400x1400
----------------------------------
Time in seconds=1.38923s
Threads num is 8
Rank is 1399
GAUSS 200x200
----------------------------------
Time in seconds=0.0041725s
Threads num is 10
Rank is 199
GAUSS 400x400
----------------------------------
Time in seconds=0.0274625s
Threads num is 10
Rank is 399
GAUSS 600x600
----------------------------------
Time in seconds=0.0896361s
Threads num is 10
Rank is 599
GAUSS 800x800
----------------------------------
Time in seconds=0.308896s
Threads num is 10
Rank is 799
GAUSS 1000x1000
----------------------------------
Time in seconds=0.408387s
Threads num is 10
Rank is 999
GAUSS 1200x1200
----------------------------------
Time in seconds=0.711798s
Threads num is 10
Rank is 1199
GAUSS 1400x1400
----------------------------------
Time in seconds=1.12388s
Threads num is 10
Rank is 1399
GAUSS 200x200
----------------------------------
Time in seconds=0.0036263s
Threads num is 12
Rank is 199
GAUSS 400x400
----------------------------------
Time in seconds=0.0228679s
Threads num is 12
Rank is 399
GAUSS 600x600
----------------------------------
Time in seconds=0.0750407s
Threads num is 12
Rank is 599
GAUSS 800x800
----------------------------------
Time in seconds=0.175219s
Threads num is 12
Rank is 799
GAUSS 1000x1000
----------------------------------
Time in seconds=0.343011s
Threads num is 12
Rank is 999
GAUSS 1200x1200
----------------------------------
Time in seconds=0.593379s
Threads num is 12
Rank is 1199
GAUSS 1400x1400
----------------------------------
Time in seconds=1.06681s
Threads num is 12
Rank is 1399
GAUSS 200x200
----------------------------------
Time in seconds=0.00471364s
Threads num is 14
Rank is 199
GAUSS 400x400
----------------------------------
Time in seconds=0.0298035s
Threads num is 14
Rank is 399
GAUSS 600x600
----------------------------------
Time in seconds=0.0988605s
Threads num is 14
Rank is 599
GAUSS 800x800
----------------------------------
Time in seconds=0.232613s
Threads num is 14
Rank is 799
GAUSS 1000x1000
----------------------------------
Time in seconds=0.382832s
Threads num is 14
Rank is 999
GAUSS 1200x1200
----------------------------------
Time in seconds=0.684194s
Threads num is 14
Rank is 1199
GAUSS 1400x1400
----------------------------------
Time in seconds=1.09169s
Threads num is 14
Rank is 1399
GAUSS 200x200
----------------------------------
Time in seconds=0.004298s
Threads num is 16
Rank is 199
GAUSS 400x400
----------------------------------
Time in seconds=0.0276111s
Threads num is 16
Rank is 399
GAUSS 600x600
----------------------------------
Time in seconds=0.0905509s
Threads num is 16
Rank is 599
GAUSS 800x800
----------------------------------
Time in seconds=0.250612s
Threads num is 16
Rank is 799
GAUSS 1000x1000
----------------------------------
Time in seconds=0.447725s
Threads num is 16
Rank is 999
GAUSS 1200x1200
----------------------------------
Time in seconds=0.785302s
Threads num is 16
Rank is 1199
GAUSS 1400x1400
----------------------------------
Time in seconds=1.1484s
Threads num is 16
Rank is 1399
GAUSS 200x200
----------------------------------
Time in seconds=0.00611841s
Threads num is 18
Rank is 199
GAUSS 400x400
----------------------------------
Time in seconds=0.0251446s
Threads num is 18
Rank is 399
GAUSS 600x600
----------------------------------
Time in seconds=0.101242s
Threads num is 18
Rank is 599
GAUSS 800x800
----------------------------------
Time in seconds=0.238167s
Threads num is 18
Rank is 799
GAUSS 1000x1000
----------------------------------
Time in seconds=0.356985s
Threads num is 18
Rank is 999
GAUSS 1200x1200
----------------------------------
Time in seconds=0.614514s
Threads num is 18
Rank is 1199
GAUSS 1400x1400
----------------------------------
Time in seconds=0.996525s
Threads num is 18
Rank is 1399
GAUSS 200x200
----------------------------------
Time in seconds=0.00630804s
Threads num is 20
Rank is 199
GAUSS 400x400
----------------------------------
Time in seconds=0.0289135s
Threads num is 20
Rank is 399
GAUSS 600x600
----------------------------------
Time in seconds=0.0928061s
Threads num is 20
Rank is 599
GAUSS 800x800
----------------------------------
Time in seconds=0.219819s
Threads num is 20
Rank is 799
GAUSS 1000x1000
----------------------------------
Time in seconds=0.419876s
Threads num is 20
Rank is 999
GAUSS 1200x1200
----------------------------------
Time in seconds=0.722512s
Threads num is 20
Rank is 1199
GAUSS 1400x1400
----------------------------------
Time in seconds=1.05933s
Threads num is 20
Rank is 1399
GAUSS 200x200
----------------------------------
Time in seconds=0.0168289s
Threads num is 22
Rank is 199
GAUSS 400x400
----------------------------------
Time in seconds=0.0266248s
Threads num is 22
Rank is 399
GAUSS 600x600
----------------------------------
Time in seconds=0.130063s
Threads num is 22
Rank is 599
GAUSS 800x800
----------------------------------
Time in seconds=0.234248s
Threads num is 22
Rank is 799
GAUSS 1000x1000
----------------------------------
Time in seconds=0.387447s
Threads num is 22
Rank is 999
GAUSS 1200x1200
----------------------------------
Time in seconds=0.681321s
Threads num is 22
Rank is 1199
GAUSS 1400x1400
----------------------------------
Time in seconds=1.03733s
Threads num is 22
Rank is 1399
GAUSS 200x200
----------------------------------
Time in seconds=0.00769683s
Threads num is 24
Rank is 199
GAUSS 400x400
----------------------------------
Time in seconds=0.0396843s
Threads num is 24
Rank is 399
GAUSS 600x600
----------------------------------
Time in seconds=0.145699s
Threads num is 24
Rank is 599
GAUSS 800x800
----------------------------------
Time in seconds=0.182995s
Threads num is 24
Rank is 799
GAUSS 1000x1000
----------------------------------
Time in seconds=0.429559s
Threads num is 24
Rank is 999
GAUSS 1200x1200
----------------------------------
Time in seconds=0.646275s
Threads num is 24
Rank is 1199
GAUSS 1400x1400
----------------------------------
Time in seconds=0.972556s
Threads num is 24
Rank is 1399
GAUSS 200x200
----------------------------------
Time in seconds=0.00726771s
Threads num is 26
Rank is 199
GAUSS 400x400
----------------------------------
Time in seconds=0.0361101s
Threads num is 26
Rank is 399
GAUSS 600x600
----------------------------------
Time in seconds=0.108983s
Threads num is 26
Rank is 599
GAUSS 800x800
----------------------------------
Time in seconds=0.260631s
Threads num is 26
Rank is 799
GAUSS 1000x1000
----------------------------------
Time in seconds=0.340211s
Threads num is 26
Rank is 999
GAUSS 1200x1200
----------------------------------
Time in seconds=0.563371s
Threads num is 26
Rank is 1199
GAUSS 1400x1400
----------------------------------
Time in seconds=0.910956s
Threads num is 26
Rank is 1399
GAUSS 200x200
----------------------------------
Time in seconds=0.00763515s
Threads num is 28
Rank is 199
GAUSS 400x400
----------------------------------
Time in seconds=0.0358642s
Threads num is 28
Rank is 399
GAUSS 600x600
----------------------------------
Time in seconds=0.10667s
Threads num is 28
Rank is 599
GAUSS 800x800
----------------------------------
Time in seconds=0.16s
Threads num is 28
Rank is 799
GAUSS 1000x1000
----------------------------------
Time in seconds=0.49019s
Threads num is 28
Rank is 999
GAUSS 1200x1200
----------------------------------
Time in seconds=0.560945s
Threads num is 28
Rank is 1199
GAUSS 1400x1400
----------------------------------
Time in seconds=0.839586s
Threads num is 28
Rank is 1399
GAUSS 200x200
----------------------------------
Time in seconds=0.00805319s
Threads num is 30
Rank is 199
GAUSS 400x400
----------------------------------
Time in seconds=0.0484681s
Threads num is 30
Rank is 399
GAUSS 600x600
----------------------------------
Time in seconds=0.103159s
Threads num is 30
Rank is 599
GAUSS 800x800
----------------------------------
Time in seconds=0.256459s
Threads num is 30
Rank is 799
GAUSS 1000x1000
----------------------------------
Time in seconds=0.451924s
Threads num is 30
Rank is 999
GAUSS 1200x1200
----------------------------------
Time in seconds=0.606459s
Threads num is 30
Rank is 1199
GAUSS 1400x1400
----------------------------------
Time in seconds=0.79411s
Threads num is 30
Rank is 1399
GAUSS 200x200
----------------------------------
Time in seconds=0.0126498s
Threads num is 32
Rank is 199
GAUSS 400x400
----------------------------------
Time in seconds=0.0349657s
Threads num is 32
Rank is 399
GAUSS 600x600
----------------------------------
Time in seconds=0.0952634s
Threads num is 32
Rank is 599
GAUSS 800x800
----------------------------------
Time in seconds=0.299472s
Threads num is 32
Rank is 799
GAUSS 1000x1000
----------------------------------
Time in seconds=0.447326s
Threads num is 32
Rank is 999
GAUSS 1200x1200
----------------------------------
Time in seconds=0.666576s
Threads num is 32
Rank is 1199
GAUSS 1400x1400
----------------------------------
Time in seconds=0.869577s
Threads num is 32
Rank is 1399
GAUSS 200x200
----------------------------------
Time in seconds=0.00834525s
Threads num is 34
Rank is 199
GAUSS 400x400
----------------------------------
Time in seconds=0.0348242s
Threads num is 34
Rank is 399
GAUSS 600x600
----------------------------------
Time in seconds=0.181591s
Threads num is 34
Rank is 599
GAUSS 800x800
----------------------------------
Time in seconds=0.28116s
Threads num is 34
Rank is 799
GAUSS 1000x1000
----------------------------------
Time in seconds=0.436084s
Threads num is 34
Rank is 999
GAUSS 1200x1200
----------------------------------
Time in seconds=0.534326s
Threads num is 34
Rank is 1199
GAUSS 1400x1400
----------------------------------
Time in seconds=0.524412s
Threads num is 34
Rank is 1399
GAUSS 200x200
----------------------------------
Time in seconds=0.00359017s
Threads num is 36
Rank is 199
GAUSS 400x400
----------------------------------
Time in seconds=0.0153394s
Threads num is 36
Rank is 399
GAUSS 600x600
----------------------------------
Time in seconds=0.0527446s
Threads num is 36
Rank is 599
GAUSS 800x800
----------------------------------
Time in seconds=0.0998231s
Threads num is 36
Rank is 799
GAUSS 1000x1000
----------------------------------
Time in seconds=0.181228s
Threads num is 36
Rank is 999
GAUSS 1200x1200
----------------------------------
Time in seconds=0.316398s
Threads num is 36
Rank is 1199
GAUSS 1400x1400
----------------------------------
Time in seconds=0.488526s
Threads num is 36
Rank is 1399
GAUSS 200x200
----------------------------------
Time in seconds=0.00413113s
Threads num is 38
Rank is 199
GAUSS 400x400
----------------------------------
Time in seconds=0.0134263s
Threads num is 38
Rank is 399
GAUSS 600x600
----------------------------------
Time in seconds=0.040333s
Threads num is 38
Rank is 599
GAUSS 800x800
----------------------------------
Time in seconds=0.0901757s
Threads num is 38
Rank is 799
GAUSS 1000x1000
----------------------------------
Time in seconds=0.171852s
Threads num is 38
Rank is 999
GAUSS 1200x1200
----------------------------------
Time in seconds=0.294034s
Threads num is 38
Rank is 1199
GAUSS 1400x1400
----------------------------------
Time in seconds=0.452238s
Threads num is 38
Rank is 1399
GAUSS 200x200
----------------------------------
Time in seconds=0.00325213s
Threads num is 40
Rank is 199
GAUSS 400x400
----------------------------------
Time in seconds=0.0131595s
Threads num is 40
Rank is 399
GAUSS 600x600
----------------------------------
Time in seconds=0.0410328s
Threads num is 40
Rank is 599
GAUSS 800x800
----------------------------------
Time in seconds=0.0859351s
Threads num is 40
Rank is 799
GAUSS 1000x1000
----------------------------------
Time in seconds=0.165583s
Threads num is 40
Rank is 999
GAUSS 1200x1200
----------------------------------
Time in seconds=0.281593s
Threads num is 40
Rank is 1199
GAUSS 1400x1400
----------------------------------
Time in seconds=0.441404s
Threads num is 40
Rank is 1399
GAUSS 200x200
----------------------------------
Time in seconds=0.00352581s
Threads num is 42
Rank is 199
GAUSS 400x400
----------------------------------
Time in seconds=0.0147806s
Threads num is 42
Rank is 399
GAUSS 600x600
----------------------------------
Time in seconds=0.0367976s
Threads num is 42
Rank is 599
GAUSS 800x800
----------------------------------
Time in seconds=0.0821931s
Threads num is 42
Rank is 799
GAUSS 1000x1000
----------------------------------
Time in seconds=0.207011s
Threads num is 42
Rank is 999
GAUSS 1200x1200
----------------------------------
Time in seconds=0.348738s
Threads num is 42
Rank is 1199
GAUSS 1400x1400
----------------------------------
Time in seconds=0.420366s
Threads num is 42
Rank is 1399
GAUSS 200x200
----------------------------------
Time in seconds=0.00693765s
Threads num is 44
Rank is 199
GAUSS 400x400
----------------------------------
Time in seconds=0.0131851s
Threads num is 44
Rank is 399
GAUSS 600x600
----------------------------------
Time in seconds=0.0454954s
Threads num is 44
Rank is 599
GAUSS 800x800
----------------------------------
Time in seconds=0.100292s
Threads num is 44
Rank is 799
GAUSS 1000x1000
----------------------------------
Time in seconds=0.193314s
Threads num is 44
Rank is 999
GAUSS 1200x1200
----------------------------------
Time in seconds=0.258442s
Threads num is 44
Rank is 1199
GAUSS 1400x1400
----------------------------------
Time in seconds=0.411645s
Threads num is 44
Rank is 1399
GAUSS 200x200
----------------------------------
Time in seconds=0.00336768s
Threads num is 46
Rank is 199
GAUSS 400x400
----------------------------------
Time in seconds=0.0121726s
Threads num is 46
Rank is 399
GAUSS 600x600
----------------------------------
Time in seconds=0.033782s
Threads num is 46
Rank is 599
GAUSS 800x800
----------------------------------
Time in seconds=0.0754605s
Threads num is 46
Rank is 799
GAUSS 1000x1000
----------------------------------
Time in seconds=0.14518s
Threads num is 46
Rank is 999
GAUSS 1200x1200
----------------------------------
Time in seconds=0.281288s
Threads num is 46
Rank is 1199
GAUSS 1400x1400
----------------------------------
Time in seconds=0.448567s
Threads num is 46
Rank is 1399
GAUSS 200x200
----------------------------------
Time in seconds=0.00523682s
Threads num is 48
Rank is 199
GAUSS 400x400
----------------------------------
Time in seconds=0.0119538s
Threads num is 48
Rank is 399
GAUSS 600x600
----------------------------------
Time in seconds=0.0347569s
Threads num is 48
Rank is 599
GAUSS 800x800
----------------------------------
Time in seconds=0.0942015s
Threads num is 48
Rank is 799
GAUSS 1000x1000
----------------------------------
Time in seconds=0.183849s
Threads num is 48
Rank is 999
GAUSS 1200x1200
----------------------------------
Time in seconds=0.291677s
Threads num is 48
Rank is 1199
GAUSS 1400x1400
----------------------------------
Time in seconds=0.373068s
Threads num is 48
Rank is 1399
GAUSS 200x200
----------------------------------
Time in seconds=0.00381776s
Threads num is 50
Rank is 199
GAUSS 400x400
----------------------------------
Time in seconds=0.0180645s
Threads num is 50
Rank is 399
GAUSS 600x600
----------------------------------
Time in seconds=0.0323941s
Threads num is 50
Rank is 599
GAUSS 800x800
----------------------------------
Time in seconds=0.0906594s
Threads num is 50
Rank is 799
GAUSS 1000x1000
----------------------------------
Time in seconds=0.170717s
Threads num is 50
Rank is 999
GAUSS 1200x1200
----------------------------------
Time in seconds=0.277088s
Threads num is 50
Rank is 1199
GAUSS 1400x1400
----------------------------------
Time in seconds=0.410981s
Threads num is 50
Rank is 1399
GAUSS 200x200
----------------------------------
Time in seconds=0.00475546s
Threads num is 52
Rank is 199
GAUSS 400x400
----------------------------------
Time in seconds=0.0233701s
Threads num is 52
Rank is 399
GAUSS 600x600
----------------------------------
Time in seconds=0.0408309s
Threads num is 52
Rank is 599
GAUSS 800x800
----------------------------------
Time in seconds=0.0970527s
Threads num is 52
Rank is 799
GAUSS 1000x1000
----------------------------------
Time in seconds=0.177124s
Threads num is 52
Rank is 999
GAUSS 1200x1200
----------------------------------
Time in seconds=0.287032s
Threads num is 52
Rank is 1199
GAUSS 1400x1400
----------------------------------
Time in seconds=0.455043s
Threads num is 52
Rank is 1399
GAUSS 200x200
----------------------------------
Time in seconds=0.00448533s
Threads num is 54
Rank is 199
GAUSS 400x400
----------------------------------
Time in seconds=0.0139241s
Threads num is 54
Rank is 399
GAUSS 600x600
----------------------------------
Time in seconds=0.0372944s
Threads num is 54
Rank is 599
GAUSS 800x800
----------------------------------
Time in seconds=0.0863867s
Threads num is 54
Rank is 799
GAUSS 1000x1000
----------------------------------
Time in seconds=0.160498s
Threads num is 54
Rank is 999
GAUSS 1200x1200
----------------------------------
Time in seconds=0.279713s
Threads num is 54
Rank is 1199
GAUSS 1400x1400
----------------------------------
Time in seconds=0.41669s
Threads num is 54
Rank is 1399
GAUSS 200x200
----------------------------------
Time in seconds=0.00469932s
Threads num is 56
Rank is 199
GAUSS 400x400
----------------------------------
Time in seconds=0.0156685s
Threads num is 56
Rank is 399
GAUSS 600x600
----------------------------------
Time in seconds=0.0386165s
Threads num is 56
Rank is 599
GAUSS 800x800
----------------------------------
Time in seconds=0.0852042s
Threads num is 56
Rank is 799
GAUSS 1000x1000
----------------------------------
Time in seconds=0.156196s
Threads num is 56
Rank is 999
GAUSS 1200x1200
----------------------------------
Time in seconds=0.264185s
Threads num is 56
Rank is 1199
GAUSS 1400x1400
----------------------------------
Time in seconds=0.418233s
Threads num is 56
Rank is 1399
GAUSS 200x200
----------------------------------
Time in seconds=0.0145089s
Threads num is 58
Rank is 199
GAUSS 400x400
----------------------------------
Time in seconds=0.0175856s
Threads num is 58
Rank is 399
GAUSS 600x600
----------------------------------
Time in seconds=0.0528973s
Threads num is 58
Rank is 599
GAUSS 800x800
----------------------------------
Time in seconds=0.0811226s
Threads num is 58
Rank is 799
GAUSS 1000x1000
----------------------------------
Time in seconds=0.15161s
Threads num is 58
Rank is 999
GAUSS 1200x1200
----------------------------------
Time in seconds=0.260302s
Threads num is 58
Rank is 1199
GAUSS 1400x1400
----------------------------------
Time in seconds=0.408147s
Threads num is 58
Rank is 1399
GAUSS 200x200
----------------------------------
Time in seconds=0.00495397s
Threads num is 60
Rank is 199
GAUSS 400x400
----------------------------------
Time in seconds=0.0174947s
Threads num is 60
Rank is 399
GAUSS 600x600
----------------------------------
Time in seconds=0.0370699s
Threads num is 60
Rank is 599
GAUSS 800x800
----------------------------------
Time in seconds=0.0774412s
Threads num is 60
Rank is 799
GAUSS 1000x1000
----------------------------------
Time in seconds=0.14649s
Threads num is 60
Rank is 999
GAUSS 1200x1200
----------------------------------
Time in seconds=0.249574s
Threads num is 60
Rank is 1199
GAUSS 1400x1400
----------------------------------
Time in seconds=0.512131s
Threads num is 60
Rank is 1399
GAUSS 200x200
----------------------------------
Time in seconds=0.00806331s
Threads num is 62
Rank is 199
GAUSS 400x400
----------------------------------
Time in seconds=0.0164161s
Threads num is 62
Rank is 399
GAUSS 600x600
----------------------------------
Time in seconds=0.0397606s
Threads num is 62
Rank is 599
GAUSS 800x800
----------------------------------
Time in seconds=0.11872s
Threads num is 62
Rank is 799
GAUSS 1000x1000
----------------------------------
Time in seconds=0.210157s
Threads num is 62
Rank is 999
GAUSS 1200x1200
----------------------------------
Time in seconds=0.242483s
Threads num is 62
Rank is 1199
GAUSS 1400x1400
----------------------------------
Time in seconds=0.379898s
Threads num is 62
Rank is 1399
GAUSS 200x200
----------------------------------
Time in seconds=0.00542354s
Threads num is 64
Rank is 199
GAUSS 400x400
----------------------------------
Time in seconds=0.0209874s
Threads num is 64
Rank is 399
GAUSS 600x600
----------------------------------
Time in seconds=0.0674737s
Threads num is 64
Rank is 599
GAUSS 800x800
----------------------------------
Time in seconds=0.116363s
Threads num is 64
Rank is 799
GAUSS 1000x1000
----------------------------------
Time in seconds=0.205763s
Threads num is 64
Rank is 999
GAUSS 1200x1200
----------------------------------
Time in seconds=0.238064s
Threads num is 64
Rank is 1199
GAUSS 1400x1400
----------------------------------
Time in seconds=0.373562s
Threads num is 64
Rank is 1399
GAUSS 200x200
----------------------------------
Time in seconds=0.00848293s
Threads num is 66
Rank is 199
GAUSS 400x400
----------------------------------
Time in seconds=0.0210465s
Threads num is 66
Rank is 399
GAUSS 600x600
----------------------------------
Time in seconds=0.0360844s
Threads num is 66
Rank is 599
GAUSS 800x800
----------------------------------
Time in seconds=0.108049s
Threads num is 66
Rank is 799
GAUSS 1000x1000
----------------------------------
Time in seconds=0.172278s
Threads num is 66
Rank is 999
GAUSS 1200x1200
----------------------------------
Time in seconds=0.31304s
Threads num is 66
Rank is 1199
GAUSS 1400x1400
----------------------------------
Time in seconds=0.48881s
Threads num is 66
Rank is 1399
GAUSS 200x200
----------------------------------
Time in seconds=0.00544077s
Threads num is 68
Rank is 199
GAUSS 400x400
----------------------------------
Time in seconds=0.0208179s
Threads num is 68
Rank is 399
GAUSS 600x600
----------------------------------
Time in seconds=0.0531908s
Threads num is 68
Rank is 599
GAUSS 800x800
----------------------------------
Time in seconds=0.0844166s
Threads num is 68
Rank is 799
GAUSS 1000x1000
----------------------------------
Time in seconds=0.212634s
Threads num is 68
Rank is 999
GAUSS 1200x1200
----------------------------------
Time in seconds=0.317679s
Threads num is 68
Rank is 1199
GAUSS 1400x1400
----------------------------------
Time in seconds=0.357607s
Threads num is 68
Rank is 1399
GAUSS 200x200
----------------------------------
Time in seconds=0.0124465s
Threads num is 70
Rank is 199
GAUSS 400x400
----------------------------------
Time in seconds=0.0213616s
Threads num is 70
Rank is 399
GAUSS 600x600
----------------------------------
Time in seconds=0.0577428s
Threads num is 70
Rank is 599
GAUSS 800x800
----------------------------------
Time in seconds=0.110783s
Threads num is 70
Rank is 799
GAUSS 1000x1000
----------------------------------
Time in seconds=0.238936s
Threads num is 70
Rank is 999
GAUSS 1200x1200
----------------------------------
Time in seconds=0.342752s
Threads num is 70
Rank is 1199
GAUSS 1400x1400
----------------------------------
Time in seconds=0.399851s
Threads num is 70
Rank is 1399
GAUSS 200x200
----------------------------------
Time in seconds=0.00834326s
Threads num is 72
Rank is 199
GAUSS 400x400
----------------------------------
Time in seconds=0.0241409s
Threads num is 72
Rank is 399
GAUSS 600x600
----------------------------------
Time in seconds=0.0548433s
Threads num is 72
Rank is 599
GAUSS 800x800
----------------------------------
Time in seconds=0.109436s
Threads num is 72
Rank is 799
GAUSS 1000x1000
----------------------------------
Time in seconds=0.126853s
Threads num is 72
Rank is 999
GAUSS 1200x1200
----------------------------------
Time in seconds=0.339277s
Threads num is 72
Rank is 1199
GAUSS 1400x1400
----------------------------------
Time in seconds=0.384917s
Threads num is 72
Rank is 1399
GAUSS 200x200
----------------------------------
Time in seconds=0.00821381s
Threads num is 74
Rank is 199
GAUSS 400x400
----------------------------------
Time in seconds=0.0277285s
Threads num is 74
Rank is 399
GAUSS 600x600
----------------------------------
Time in seconds=0.0536134s
Threads num is 74
Rank is 599
GAUSS 800x800
----------------------------------
Time in seconds=0.0680376s
Threads num is 74
Rank is 799
GAUSS 1000x1000
----------------------------------
Time in seconds=0.198292s
Threads num is 74
Rank is 999
GAUSS 1200x1200
----------------------------------
Time in seconds=0.319186s
Threads num is 74
Rank is 1199
GAUSS 1400x1400
----------------------------------
Time in seconds=0.525734s
Threads num is 74
Rank is 1399
GAUSS 200x200
----------------------------------
Time in seconds=0.0176848s
Threads num is 76
Rank is 199
GAUSS 400x400
----------------------------------
Time in seconds=0.0219312s
Threads num is 76
Rank is 399
GAUSS 600x600
----------------------------------
Time in seconds=0.0526952s
Threads num is 76
Rank is 599
GAUSS 800x800
----------------------------------
Time in seconds=0.103752s
Threads num is 76
Rank is 799
GAUSS 1000x1000
----------------------------------
Time in seconds=0.194228s
Threads num is 76
Rank is 999
GAUSS 1200x1200
----------------------------------
Time in seconds=0.318491s
Threads num is 76
Rank is 1199
GAUSS 1400x1400
----------------------------------
Time in seconds=0.410681s
Threads num is 76
Rank is 1399
GAUSS 200x200
----------------------------------
Time in seconds=0.00936339s
Threads num is 78
Rank is 199
GAUSS 400x400
----------------------------------
Time in seconds=0.0220354s
Threads num is 78
Rank is 399
GAUSS 600x600
----------------------------------
Time in seconds=0.058279s
Threads num is 78
Rank is 599
GAUSS 800x800
----------------------------------
Time in seconds=0.1435s
Threads num is 78
Rank is 799
GAUSS 1000x1000
----------------------------------
Time in seconds=0.183289s
Threads num is 78
Rank is 999
GAUSS 1200x1200
----------------------------------
Time in seconds=0.324232s
Threads num is 78
Rank is 1199
GAUSS 1400x1400
----------------------------------
Time in seconds=0.520802s
Threads num is 78
Rank is 1399
GAUSS 200x200
----------------------------------
Time in seconds=0.00994817s
Threads num is 80
Rank is 199
GAUSS 400x400
----------------------------------
Time in seconds=0.0247608s
Threads num is 80
Rank is 399
GAUSS 600x600
----------------------------------
Time in seconds=0.0512459s
Threads num is 80
Rank is 599
GAUSS 800x800
----------------------------------
Time in seconds=0.102164s
Threads num is 80
Rank is 799
GAUSS 1000x1000
----------------------------------
Time in seconds=0.193371s
Threads num is 80
Rank is 999
GAUSS 1200x1200
----------------------------------
Time in seconds=0.309492s
Threads num is 80
Rank is 1199
GAUSS 1400x1400
----------------------------------
Time in seconds=0.476317s
Threads num is 80
Rank is 1399
GAUSS 200x200
----------------------------------
Time in seconds=0.00932448s
Threads num is 82
Rank is 199
GAUSS 400x400
----------------------------------
Time in seconds=0.0220053s
Threads num is 82
Rank is 399
GAUSS 600x600
----------------------------------
Time in seconds=0.0493509s
Threads num is 82
Rank is 599
GAUSS 800x800
----------------------------------
Time in seconds=0.198768s
Threads num is 82
Rank is 799
GAUSS 1000x1000
----------------------------------
Time in seconds=0.236851s
Threads num is 82
Rank is 999
GAUSS 1200x1200
----------------------------------
Time in seconds=0.306591s
Threads num is 82
Rank is 1199
GAUSS 1400x1400
----------------------------------
Time in seconds=0.463262s
Threads num is 82
Rank is 1399
GAUSS 200x200
----------------------------------
Time in seconds=0.00905334s
Threads num is 84
Rank is 199
GAUSS 400x400
----------------------------------
Time in seconds=0.0217776s
Threads num is 84
Rank is 399
GAUSS 600x600
----------------------------------
Time in seconds=0.0479424s
Threads num is 84
Rank is 599
GAUSS 800x800
----------------------------------
Time in seconds=0.104405s
Threads num is 84
Rank is 799
GAUSS 1000x1000
----------------------------------
Time in seconds=0.180848s
Threads num is 84
Rank is 999
GAUSS 1200x1200
----------------------------------
Time in seconds=0.382985s
Threads num is 84
Rank is 1199
GAUSS 1400x1400
----------------------------------
Time in seconds=0.486913s
Threads num is 84
Rank is 1399
GAUSS 200x200
----------------------------------
Time in seconds=0.0105038s
Threads num is 86
Rank is 199
GAUSS 400x400
----------------------------------
Time in seconds=0.0349297s
Threads num is 86
Rank is 399
GAUSS 600x600
----------------------------------
Time in seconds=0.0498721s
Threads num is 86
Rank is 599
GAUSS 800x800
----------------------------------
Time in seconds=0.118249s
Threads num is 86
Rank is 799
GAUSS 1000x1000
----------------------------------
Time in seconds=0.178693s
Threads num is 86
Rank is 999
GAUSS 1200x1200
----------------------------------
Time in seconds=0.293808s
Threads num is 86
Rank is 1199
GAUSS 1400x1400
----------------------------------
Time in seconds=0.530587s
Threads num is 86
Rank is 1399
GAUSS 200x200
----------------------------------
Time in seconds=0.0163115s
Threads num is 88
Rank is 199
GAUSS 400x400
----------------------------------
Time in seconds=0.0267939s
Threads num is 88
Rank is 399
GAUSS 600x600
----------------------------------
Time in seconds=0.0492258s
Threads num is 88
Rank is 599
GAUSS 800x800
----------------------------------
Time in seconds=0.106005s
Threads num is 88
Rank is 799
GAUSS 1000x1000
----------------------------------
Time in seconds=0.189815s
Threads num is 88
Rank is 999
GAUSS 1200x1200
----------------------------------
Time in seconds=0.368689s
Threads num is 88
Rank is 1199
GAUSS 1400x1400
----------------------------------
Time in seconds=0.459989s
Threads num is 88
Rank is 1399
GAUSS 200x200
----------------------------------
Time in seconds=0.0179049s
Threads num is 90
Rank is 199
GAUSS 400x400
----------------------------------
Time in seconds=0.0545363s
Threads num is 90
Rank is 399
GAUSS 600x600
----------------------------------
Time in seconds=0.0740727s
Threads num is 90
Rank is 599
GAUSS 800x800
----------------------------------
Time in seconds=0.123555s
Threads num is 90
Rank is 799
GAUSS 1000x1000
----------------------------------
Time in seconds=0.234556s
Threads num is 90
Rank is 999
GAUSS 1200x1200
----------------------------------
Time in seconds=0.397516s
Threads num is 90
Rank is 1199
GAUSS 1400x1400
----------------------------------
Time in seconds=0.469915s
Threads num is 90
Rank is 1399
GAUSS 200x200
----------------------------------
Time in seconds=0.0154195s
Threads num is 92
Rank is 199
GAUSS 400x400
----------------------------------
Time in seconds=0.0538951s
Threads num is 92
Rank is 399
GAUSS 600x600
----------------------------------
Time in seconds=0.0771885s
Threads num is 92
Rank is 599
GAUSS 800x800
----------------------------------
Time in seconds=0.0956733s
Threads num is 92
Rank is 799
GAUSS 1000x1000
----------------------------------
Time in seconds=0.259477s
Threads num is 92
Rank is 999
GAUSS 1200x1200
----------------------------------
Time in seconds=0.275804s
Threads num is 92
Rank is 1199
GAUSS 1400x1400
----------------------------------
Time in seconds=0.46442s
Threads num is 92
Rank is 1399
GAUSS 200x200
----------------------------------
Time in seconds=0.0313176s
Threads num is 94
Rank is 199
GAUSS 400x400
----------------------------------
Time in seconds=0.0298404s
Threads num is 94
Rank is 399
GAUSS 600x600
----------------------------------
Time in seconds=0.0640576s
Threads num is 94
Rank is 599
GAUSS 800x800
----------------------------------
Time in seconds=0.12576s
Threads num is 94
Rank is 799
GAUSS 1000x1000
----------------------------------
Time in seconds=0.194081s
Threads num is 94
Rank is 999
GAUSS 1200x1200
----------------------------------
Time in seconds=0.270744s
Threads num is 94
Rank is 1199
GAUSS 1400x1400
----------------------------------
Time in seconds=0.590831s
Threads num is 94
Rank is 1399
GAUSS 200x200
----------------------------------
Time in seconds=0.0214618s
Threads num is 96
Rank is 199
GAUSS 400x400
----------------------------------
Time in seconds=0.0219638s
Threads num is 96
Rank is 399
GAUSS 600x600
----------------------------------
Time in seconds=0.0652933s
Threads num is 96
Rank is 599
GAUSS 800x800
----------------------------------
Time in seconds=0.0919177s
Threads num is 96
Rank is 799
GAUSS 1000x1000
----------------------------------
Time in seconds=0.253204s
Threads num is 96
Rank is 999
GAUSS 1200x1200
----------------------------------
Time in seconds=0.366147s
Threads num is 96
Rank is 1199
GAUSS 1400x1400
----------------------------------
Time in seconds=0.507098s
Threads num is 96
Rank is 1399
GAUSS 200x200
----------------------------------
Time in seconds=0.0108633s
Threads num is 98
Rank is 199
GAUSS 400x400
----------------------------------
Time in seconds=0.0278608s
Threads num is 98
Rank is 399
GAUSS 600x600
----------------------------------
Time in seconds=0.0773127s
Threads num is 98
Rank is 599
GAUSS 800x800
----------------------------------
Time in seconds=0.126708s
Threads num is 98
Rank is 799
GAUSS 1000x1000
----------------------------------
Time in seconds=0.27618s
Threads num is 98
Rank is 999
GAUSS 1200x1200
----------------------------------
Time in seconds=0.333048s
Threads num is 98
Rank is 1199
GAUSS 1400x1400
----------------------------------
Time in seconds=0.471017s
Threads num is 98
Rank is 1399
GAUSS 200x200
----------------------------------
Time in seconds=0.0336542s
Threads num is 100
Rank is 199
GAUSS 400x400
----------------------------------
Time in seconds=0.0561614s
Threads num is 100
Rank is 399
GAUSS 600x600
----------------------------------
Time in seconds=0.122921s
Threads num is 100
Rank is 599
GAUSS 800x800
----------------------------------
Time in seconds=0.106827s
Threads num is 100
Rank is 799
GAUSS 1000x1000
----------------------------------
Time in seconds=0.190104s
Threads num is 100
Rank is 999
GAUSS 1200x1200
----------------------------------
Time in seconds=0.287126s
Threads num is 100
Rank is 1199
GAUSS 1400x1400
----------------------------------
Time in seconds=0.404592s
Threads num is 100
Rank is 1399
GAUSS 200x200
----------------------------------
Time in seconds=0.0153439s
Threads num is 102
Rank is 199
GAUSS 400x400
----------------------------------
Time in seconds=0.0610739s
Threads num is 102
Rank is 399
GAUSS 600x600
----------------------------------
Time in seconds=0.0639428s
Threads num is 102
Rank is 599
GAUSS 800x800
----------------------------------
Time in seconds=0.0943438s
Threads num is 102
Rank is 799
GAUSS 1000x1000
----------------------------------
Time in seconds=0.232932s
Threads num is 102
Rank is 999
GAUSS 1200x1200
----------------------------------
Time in seconds=0.258839s
Threads num is 102
Rank is 1199
GAUSS 1400x1400
----------------------------------
Time in seconds=0.707605s
Threads num is 102
Rank is 1399
GAUSS 200x200
----------------------------------
Time in seconds=0.0396971s
Threads num is 104
Rank is 199
GAUSS 400x400
----------------------------------
Time in seconds=0.0545529s
Threads num is 104
Rank is 399
GAUSS 600x600
----------------------------------
Time in seconds=0.0896564s
Threads num is 104
Rank is 599
GAUSS 800x800
----------------------------------
Time in seconds=0.182336s
Threads num is 104
Rank is 799
GAUSS 1000x1000
----------------------------------
Time in seconds=0.221093s
Threads num is 104
Rank is 999
GAUSS 1200x1200
----------------------------------
Time in seconds=0.370222s
Threads num is 104
Rank is 1199
GAUSS 1400x1400
----------------------------------
Time in seconds=0.545601s
Threads num is 104
Rank is 1399
GAUSS 200x200
----------------------------------
Time in seconds=0.0335085s
Threads num is 106
Rank is 199
GAUSS 400x400
----------------------------------
Time in seconds=0.0497109s
Threads num is 106
Rank is 399
GAUSS 600x600
----------------------------------
Time in seconds=0.060353s
Threads num is 106
Rank is 599
GAUSS 800x800
----------------------------------
Time in seconds=0.218874s
Threads num is 106
Rank is 799
GAUSS 1000x1000
----------------------------------
Time in seconds=0.291639s
Threads num is 106
Rank is 999
GAUSS 1200x1200
----------------------------------
Time in seconds=0.359306s
Threads num is 106
Rank is 1199
GAUSS 1400x1400
----------------------------------
Time in seconds=0.551368s
Threads num is 106
Rank is 1399
GAUSS 200x200
----------------------------------
Time in seconds=0.0166314s
Threads num is 108
Rank is 199
GAUSS 400x400
----------------------------------
Time in seconds=0.0769602s
Threads num is 108
Rank is 399
GAUSS 600x600
----------------------------------
Time in seconds=0.0899761s
Threads num is 108
Rank is 599
GAUSS 800x800
----------------------------------
Time in seconds=0.0920971s
Threads num is 108
Rank is 799
GAUSS 1000x1000
----------------------------------
Time in seconds=0.229081s
Threads num is 108
Rank is 999
GAUSS 1200x1200
----------------------------------
Time in seconds=0.370954s
Threads num is 108
Rank is 1199
GAUSS 1400x1400
----------------------------------
Time in seconds=0.706602s
Threads num is 108
Rank is 1399
GAUSS 200x200
----------------------------------
Time in seconds=0.0371443s
Threads num is 110
Rank is 199
GAUSS 400x400
----------------------------------
Time in seconds=0.0581529s
Threads num is 110
Rank is 399
GAUSS 600x600
----------------------------------
Time in seconds=0.0880431s
Threads num is 110
Rank is 599
GAUSS 800x800
----------------------------------
Time in seconds=0.144408s
Threads num is 110
Rank is 799
GAUSS 1000x1000
----------------------------------
Time in seconds=0.220079s
Threads num is 110
Rank is 999
GAUSS 1200x1200
----------------------------------
Time in seconds=0.34238s
Threads num is 110
Rank is 1199
GAUSS 1400x1400
----------------------------------
Time in seconds=0.56886s
Threads num is 110
Rank is 1399
GAUSS 200x200
----------------------------------
Time in seconds=0.0344481s
Threads num is 112
Rank is 199
GAUSS 400x400
----------------------------------
Time in seconds=0.0573926s
Threads num is 112
Rank is 399
GAUSS 600x600
----------------------------------
Time in seconds=0.0835871s
Threads num is 112
Rank is 599
GAUSS 800x800
----------------------------------
Time in seconds=0.135095s
Threads num is 112
Rank is 799
GAUSS 1000x1000
----------------------------------
Time in seconds=0.238674s
Threads num is 112
Rank is 999
GAUSS 1200x1200
----------------------------------
Time in seconds=0.367279s
Threads num is 112
Rank is 1199
GAUSS 1400x1400
----------------------------------
Time in seconds=0.616212s
Threads num is 112
Rank is 1399
GAUSS 200x200
----------------------------------
Time in seconds=0.0426493s
Threads num is 114
Rank is 199
GAUSS 400x400
----------------------------------
Time in seconds=0.0567003s
Threads num is 114
Rank is 399
GAUSS 600x600
----------------------------------
Time in seconds=0.0647852s
Threads num is 114
Rank is 599
GAUSS 800x800
----------------------------------
Time in seconds=0.125386s
Threads num is 114
Rank is 799
GAUSS 1000x1000
----------------------------------
Time in seconds=0.231968s
Threads num is 114
Rank is 999
GAUSS 1200x1200
----------------------------------
Time in seconds=0.424546s
Threads num is 114
Rank is 1199
GAUSS 1400x1400
----------------------------------
Time in seconds=0.592073s
Threads num is 114
Rank is 1399
GAUSS 200x200
----------------------------------
Time in seconds=0.0431308s
Threads num is 116
Rank is 199
GAUSS 400x400
----------------------------------
Time in seconds=0.0709771s
Threads num is 116
Rank is 399
GAUSS 600x600
----------------------------------
Time in seconds=0.0985911s
Threads num is 116
Rank is 599
GAUSS 800x800
----------------------------------
Time in seconds=0.195084s
Threads num is 116
Rank is 799
GAUSS 1000x1000
----------------------------------
Time in seconds=0.260731s
Threads num is 116
Rank is 999
GAUSS 1200x1200
----------------------------------
Time in seconds=0.35983s
Threads num is 116
Rank is 1199
GAUSS 1400x1400
----------------------------------
Time in seconds=0.503203s
Threads num is 116
Rank is 1399
GAUSS 200x200
----------------------------------
Time in seconds=0.0325658s
Threads num is 118
Rank is 199
GAUSS 400x400
----------------------------------
Time in seconds=0.0566708s
Threads num is 118
Rank is 399
GAUSS 600x600
----------------------------------
Time in seconds=0.0801856s
Threads num is 118
Rank is 599
GAUSS 800x800
----------------------------------
Time in seconds=0.158471s
Threads num is 118
Rank is 799
GAUSS 1000x1000
----------------------------------
Time in seconds=0.317246s
Threads num is 118
Rank is 999
GAUSS 1200x1200
----------------------------------
Time in seconds=0.398968s
Threads num is 118
Rank is 1199
GAUSS 1400x1400
----------------------------------
Time in seconds=0.576537s
Threads num is 118
Rank is 1399
GAUSS 200x200
----------------------------------
Time in seconds=0.0400529s
Threads num is 120
Rank is 199
GAUSS 400x400
----------------------------------
Time in seconds=0.0363677s
Threads num is 120
Rank is 399
GAUSS 600x600
----------------------------------
Time in seconds=0.0886524s
Threads num is 120
Rank is 599
GAUSS 800x800
----------------------------------
Time in seconds=0.139097s
Threads num is 120
Rank is 799
GAUSS 1000x1000
----------------------------------
Time in seconds=0.242838s
Threads num is 120
Rank is 999
GAUSS 1200x1200
----------------------------------
Time in seconds=0.344672s
Threads num is 120
Rank is 1199
GAUSS 1400x1400
----------------------------------
Time in seconds=0.495051s
Threads num is 120
Rank is 1399
GAUSS 200x200
----------------------------------
Time in seconds=0.0485041s
Threads num is 122
Rank is 199
GAUSS 400x400
----------------------------------
Time in seconds=0.0750454s
Threads num is 122
Rank is 399
GAUSS 600x600
----------------------------------
Time in seconds=0.0843209s
Threads num is 122
Rank is 599
GAUSS 800x800
----------------------------------
Time in seconds=0.15161s
Threads num is 122
Rank is 799
GAUSS 1000x1000
----------------------------------
Time in seconds=0.235863s
Threads num is 122
Rank is 999
GAUSS 1200x1200
----------------------------------
Time in seconds=0.338969s
Threads num is 122
Rank is 1199
GAUSS 1400x1400
----------------------------------
Time in seconds=0.63779s
Threads num is 122
Rank is 1399
GAUSS 200x200
----------------------------------
Time in seconds=0.0572646s
Threads num is 124
Rank is 199
GAUSS 400x400
----------------------------------
Time in seconds=0.0670556s
Threads num is 124
Rank is 399
GAUSS 600x600
----------------------------------
Time in seconds=0.122371s
Threads num is 124
Rank is 599
GAUSS 800x800
----------------------------------
Time in seconds=0.182957s
Threads num is 124
Rank is 799
GAUSS 1000x1000
----------------------------------
Time in seconds=0.333039s
Threads num is 124
Rank is 999
GAUSS 1200x1200
----------------------------------
Time in seconds=0.391773s
Threads num is 124
Rank is 1199
GAUSS 1400x1400
----------------------------------
Time in seconds=0.453671s
Threads num is 124
Rank is 1399
GAUSS 200x200
----------------------------------
Time in seconds=0.0407954s
Threads num is 126
Rank is 199
GAUSS 400x400
----------------------------------
Time in seconds=0.0548955s
Threads num is 126
Rank is 399
GAUSS 600x600
----------------------------------
Time in seconds=0.0835789s
Threads num is 126
Rank is 599
GAUSS 800x800
----------------------------------
Time in seconds=0.184447s
Threads num is 126
Rank is 799
GAUSS 1000x1000
----------------------------------
Time in seconds=0.244024s
Threads num is 126
Rank is 999
GAUSS 1200x1200
----------------------------------
Time in seconds=0.382502s
Threads num is 126
Rank is 1199
GAUSS 1400x1400
----------------------------------
Time in seconds=0.53276s
Threads num is 126
Rank is 1399
GAUSS 200x200
----------------------------------
Time in seconds=0.0257711s
Threads num is 128
Rank is 199
GAUSS 400x400
----------------------------------
Time in seconds=0.0823931s
Threads num is 128
Rank is 399
GAUSS 600x600
----------------------------------
Time in seconds=0.0951097s
Threads num is 128
Rank is 599
GAUSS 800x800
----------------------------------
Time in seconds=0.17317s
Threads num is 128
Rank is 799
GAUSS 1000x1000
----------------------------------
Time in seconds=0.249937s
Threads num is 128
Rank is 999
GAUSS 1200x1200
----------------------------------
Time in seconds=0.390819s
Threads num is 128
Rank is 1199
GAUSS 1400x1400
----------------------------------
Time in seconds=0.615079s
Threads num is 128
Rank is 1399
GAUSS 200x200
----------------------------------
Time in seconds=0.0381364s
Threads num is 130
Rank is 199
GAUSS 400x400
----------------------------------
Time in seconds=0.0729409s
Threads num is 130
Rank is 399
GAUSS 600x600
----------------------------------
Time in seconds=0.102825s
Threads num is 130
Rank is 599
GAUSS 800x800
----------------------------------
Time in seconds=0.136418s
Threads num is 130
Rank is 799
GAUSS 1000x1000
----------------------------------
Time in seconds=0.22975s
Threads num is 130
Rank is 999
GAUSS 1200x1200
----------------------------------
Time in seconds=0.378483s
Threads num is 130
Rank is 1199
GAUSS 1400x1400
----------------------------------
Time in seconds=0.600201s
Threads num is 130
Rank is 1399
GAUSS 200x200
----------------------------------
Time in seconds=0.0432197s
Threads num is 132
Rank is 199
GAUSS 400x400
----------------------------------
Time in seconds=0.0699908s
Threads num is 132
Rank is 399
GAUSS 600x600
----------------------------------
Time in seconds=0.0943799s
Threads num is 132
Rank is 599
GAUSS 800x800
----------------------------------
Time in seconds=0.132651s
Threads num is 132
Rank is 799
GAUSS 1000x1000
----------------------------------
Time in seconds=0.263894s
Threads num is 132
Rank is 999
GAUSS 1200x1200
----------------------------------
Time in seconds=0.384493s
Threads num is 132
Rank is 1199
GAUSS 1400x1400
----------------------------------
Time in seconds=0.584554s
Threads num is 132
Rank is 1399
GAUSS 200x200
----------------------------------
Time in seconds=0.0500121s
Threads num is 134
Rank is 199
GAUSS 400x400
----------------------------------
Time in seconds=0.106764s
Threads num is 134
Rank is 399
GAUSS 600x600
----------------------------------
Time in seconds=0.10423s
Threads num is 134
Rank is 599
GAUSS 800x800
----------------------------------
Time in seconds=0.215573s
Threads num is 134
Rank is 799
GAUSS 1000x1000
----------------------------------
Time in seconds=0.261483s
Threads num is 134
Rank is 999
GAUSS 1200x1200
----------------------------------
Time in seconds=0.450302s
Threads num is 134
Rank is 1199
GAUSS 1400x1400
----------------------------------
Time in seconds=0.506674s
Threads num is 134
Rank is 1399
GAUSS 200x200
----------------------------------
Time in seconds=0.0764917s
Threads num is 136
Rank is 199
GAUSS 400x400
----------------------------------
Time in seconds=0.0692176s
Threads num is 136
Rank is 399
GAUSS 600x600
----------------------------------
Time in seconds=0.0898474s
Threads num is 136
Rank is 599
GAUSS 800x800
----------------------------------
Time in seconds=0.172618s
Threads num is 136
Rank is 799
GAUSS 1000x1000
----------------------------------
Time in seconds=0.230045s
Threads num is 136
Rank is 999
GAUSS 1200x1200
----------------------------------
Time in seconds=0.446797s
Threads num is 136
Rank is 1199
GAUSS 1400x1400
----------------------------------
Time in seconds=0.580166s
Threads num is 136
Rank is 1399
GAUSS 200x200
----------------------------------
Time in seconds=0.0446729s
Threads num is 138
Rank is 199
GAUSS 400x400
----------------------------------
Time in seconds=0.0805291s
Threads num is 138
Rank is 399
GAUSS 600x600
----------------------------------
Time in seconds=0.0840203s
Threads num is 138
Rank is 599
GAUSS 800x800
----------------------------------
Time in seconds=0.134858s
Threads num is 138
Rank is 799
GAUSS 1000x1000
----------------------------------
Time in seconds=0.228091s
Threads num is 138
Rank is 999
GAUSS 1200x1200
----------------------------------
Time in seconds=0.31797s
Threads num is 138
Rank is 1199
GAUSS 1400x1400
----------------------------------
Time in seconds=0.634981s
Threads num is 138
Rank is 1399
GAUSS 200x200
----------------------------------
Time in seconds=0.0464684s
Threads num is 140
Rank is 199
GAUSS 400x400
----------------------------------
Time in seconds=0.0986269s
Threads num is 140
Rank is 399
GAUSS 600x600
----------------------------------
Time in seconds=0.11034s
Threads num is 140
Rank is 599
GAUSS 800x800
----------------------------------
Time in seconds=0.156037s
Threads num is 140
Rank is 799
GAUSS 1000x1000
----------------------------------
Time in seconds=0.255555s
Threads num is 140
Rank is 999
GAUSS 1200x1200
----------------------------------
Time in seconds=0.398103s
Threads num is 140
Rank is 1199
GAUSS 1400x1400
----------------------------------
Time in seconds=1.08525s
Threads num is 140
Rank is 1399
GAUSS 200x200
----------------------------------
Time in seconds=0.121017s
Threads num is 142
Rank is 199
GAUSS 400x400
----------------------------------
Time in seconds=0.163612s
Threads num is 142
Rank is 399
GAUSS 600x600
----------------------------------
Time in seconds=0.202617s
Threads num is 142
Rank is 599
GAUSS 800x800
----------------------------------
Time in seconds=0.323256s
Threads num is 142
Rank is 799
GAUSS 1000x1000
----------------------------------
Time in seconds=0.371932s
Threads num is 142
Rank is 999
GAUSS 1200x1200
----------------------------------
Time in seconds=0.473741s
Threads num is 142
Rank is 1199
GAUSS 1400x1400
----------------------------------
Time in seconds=1.10326s
Threads num is 142
Rank is 1399
GAUSS 200x200
----------------------------------
Time in seconds=0.151523s
Threads num is 144
Rank is 199
GAUSS 400x400
----------------------------------
Time in seconds=0.110963s
Threads num is 144
Rank is 399
GAUSS 600x600
----------------------------------
Time in seconds=0.144205s
Threads num is 144
Rank is 599
GAUSS 800x800
----------------------------------
Time in seconds=0.296401s
Threads num is 144
Rank is 799
GAUSS 1000x1000
----------------------------------
Time in seconds=0.569755s
Threads num is 144
Rank is 999
GAUSS 1200x1200
----------------------------------
Time in seconds=0.684719s
Threads num is 144
Rank is 1199
GAUSS 1400x1400
----------------------------------
Time in seconds=0.804471s
Threads num is 144
Rank is 1399
GAUSS 200x200
----------------------------------
Time in seconds=0.154681s
Threads num is 146
Rank is 199
GAUSS 400x400
----------------------------------
Time in seconds=0.178904s
Threads num is 146
Rank is 399
GAUSS 600x600
----------------------------------
Time in seconds=0.1934s
Threads num is 146
Rank is 599
GAUSS 800x800
----------------------------------
Time in seconds=0.393908s
Threads num is 146
Rank is 799
GAUSS 1000x1000
----------------------------------
Time in seconds=0.609325s
Threads num is 146
Rank is 999
GAUSS 1200x1200
----------------------------------
Time in seconds=0.681457s
Threads num is 146
Rank is 1199
GAUSS 1400x1400
----------------------------------
Time in seconds=0.946519s
Threads num is 146
Rank is 1399
GAUSS 200x200
----------------------------------
Time in seconds=0.139154s
Threads num is 148
Rank is 199
GAUSS 400x400
----------------------------------
Time in seconds=0.126732s
Threads num is 148
Rank is 399
GAUSS 600x600
----------------------------------
Time in seconds=0.155289s
Threads num is 148
Rank is 599
GAUSS 800x800
----------------------------------
Time in seconds=0.401763s
Threads num is 148
Rank is 799
GAUSS 1000x1000
----------------------------------
Time in seconds=0.619195s
Threads num is 148
Rank is 999
GAUSS 1200x1200
----------------------------------
Time in seconds=0.594223s
Threads num is 148
Rank is 1199
GAUSS 1400x1400
----------------------------------
Time in seconds=1.01985s
Threads num is 148
Rank is 1399
GAUSS 200x200
----------------------------------
Time in seconds=0.101882s
Threads num is 150
Rank is 199
GAUSS 400x400
----------------------------------
Time in seconds=0.12663s
Threads num is 150
Rank is 399
GAUSS 600x600
----------------------------------
Time in seconds=0.333779s
Threads num is 150
Rank is 599
GAUSS 800x800
----------------------------------
Time in seconds=0.348964s
Threads num is 150
Rank is 799
GAUSS 1000x1000
----------------------------------
Time in seconds=0.431425s
Threads num is 150
Rank is 999
GAUSS 1200x1200
----------------------------------
Time in seconds=0.671617s
Threads num is 150
Rank is 1199
GAUSS 1400x1400
----------------------------------
Time in seconds=0.890024s
Threads num is 150
Rank is 1399
GAUSS 200x200
----------------------------------
Time in seconds=0.206118s
Threads num is 152
Rank is 199
GAUSS 400x400
----------------------------------
Time in seconds=0.205318s
Threads num is 152
Rank is 399
GAUSS 600x600
----------------------------------
Time in seconds=0.22068s
Threads num is 152
Rank is 599
GAUSS 800x800
----------------------------------
Time in seconds=0.286268s
Threads num is 152
Rank is 799
GAUSS 1000x1000
----------------------------------
Time in seconds=0.451619s
Threads num is 152
Rank is 999
GAUSS 1200x1200
----------------------------------
Time in seconds=0.736962s
Threads num is 152
Rank is 1199
GAUSS 1400x1400
----------------------------------
Time in seconds=0.883217s
Threads num is 152
Rank is 1399
GAUSS 200x200
----------------------------------
Time in seconds=0.107134s
Threads num is 154
Rank is 199
GAUSS 400x400
----------------------------------
Time in seconds=0.128481s
Threads num is 154
Rank is 399
GAUSS 600x600
----------------------------------
Time in seconds=0.194578s
Threads num is 154
Rank is 599
GAUSS 800x800
----------------------------------
Time in seconds=0.37681s
Threads num is 154
Rank is 799
GAUSS 1000x1000
----------------------------------
Time in seconds=0.582971s
Threads num is 154
Rank is 999
GAUSS 1200x1200
----------------------------------
Time in seconds=0.823111s
Threads num is 154
Rank is 1199
GAUSS 1400x1400
----------------------------------
Time in seconds=1.08106s
Threads num is 154
Rank is 1399
GAUSS 200x200
----------------------------------
Time in seconds=0.112181s
Threads num is 156
Rank is 199
GAUSS 400x400
----------------------------------
Time in seconds=0.165819s
Threads num is 156
Rank is 399
GAUSS 600x600
----------------------------------
Time in seconds=0.279872s
Threads num is 156
Rank is 599
GAUSS 800x800
----------------------------------
Time in seconds=0.26727s
Threads num is 156
Rank is 799
GAUSS 1000x1000
----------------------------------
Time in seconds=0.607719s
Threads num is 156
Rank is 999
GAUSS 1200x1200
----------------------------------
Time in seconds=0.518808s
Threads num is 156
Rank is 1199
GAUSS 1400x1400
----------------------------------
Time in seconds=1.0069s
Threads num is 156
Rank is 1399
GAUSS 200x200
----------------------------------
Time in seconds=0.0733392s
Threads num is 158
Rank is 199
GAUSS 400x400
----------------------------------
Time in seconds=0.204175s
Threads num is 158
Rank is 399
GAUSS 600x600
----------------------------------
Time in seconds=0.276361s
Threads num is 158
Rank is 599
GAUSS 800x800
----------------------------------
Time in seconds=0.419299s
Threads num is 158
Rank is 799
GAUSS 1000x1000
----------------------------------
Time in seconds=0.532405s
Threads num is 158
Rank is 999
GAUSS 1200x1200
----------------------------------
Time in seconds=0.551251s
Threads num is 158
Rank is 1199
GAUSS 1400x1400
----------------------------------
Time in seconds=1.06378s
Threads num is 158
Rank is 1399
GAUSS 200x200
----------------------------------
Time in seconds=0.223361s
Threads num is 160
Rank is 199
GAUSS 400x400
----------------------------------
Time in seconds=0.217204s
Threads num is 160
Rank is 399
GAUSS 600x600
----------------------------------
Time in seconds=0.540104s
Threads num is 160
Rank is 599
GAUSS 800x800
----------------------------------
Time in seconds=0.321849s
Threads num is 160
Rank is 799
GAUSS 1000x1000
----------------------------------
Time in seconds=0.403132s
Threads num is 160
Rank is 999
GAUSS 1200x1200
----------------------------------
Time in seconds=0.714839s
Threads num is 160
Rank is 1199
GAUSS 1400x1400
----------------------------------
Time in seconds=1.32925s
Threads num is 160
Rank is 1399


PS:

Read file <./result/my_job.816268.err> for stderr output of this job.

